Creo Elements/Pro is running with Unicode string encoding.
DUMMY - pro_set_input_devices_allowed
DUMMY - putxyres
pglSetStatus: Pgl Session Initialize
DUMMY - putxyres
check_exec_file_accessible_():  E:\Program Files\PTC\Creo Elements\Pro5.0\\i486_nt\obj\SWConvert.exe accessible (INFO MESSAGE)
browser_get_type_sysdep:  type = 2 (INFO MESSAGE)
ProWINIPCBrowserBase::startProIPCPeer:  Creating Peer IPC_Client_Peer_5836 (INFO MESSAGE)
ProWINIPCBrowserBase::startProIPCPeer:  Created Peer IPC_Client_Peer_5836 (INFO MESSAGE)
prepareBrowserServerInitFile:  Init File data are:
trail_mode=0
parent_pid=5836
prowt24_trail_mode=0
run_mode=3
auto_traceback_flag=1
 (INFO MESSAGE)
getBrowserServerPath:  path to win browser server =E:\Program Files\PTC\Creo Elements\Pro5.0/i486_nt/obj/ptc_ie_server.exe
 (INFO MESSAGE)
ProWinBrowserMessageProcessor::executeBrowserServer:  Complete command to start embedded browser is:
E:\Program Files\PTC\Creo Elements\Pro5.0/i486_nt/obj/ptc_ie_server.exe C:\Users\xjc\AppData\Local\Temp\5 (INFO MESSAGE)
ProWinBrowserMessageProcessor::processMessages:  Browser server activated  (INFO MESSAGE)
ProCmdSelBufferAttrSet():  Selection Buffer Attribute loaded 40 commands (INFO MESSAGE)
uit_get_visual_style_low:  Style is PTC Wildfire 5 (INFO MESSAGE)
dll_get_func_ptr_msgq:  OS error 127 while getting ptr to 'gGetProtocolVersion' in 'gPlug' (ORDER_DEBUG)
uit_get_visual_style_low:  Style is PTC Wildfire 5 (INFO MESSAGE)
pglSetStatus: PglWindowEndNoGraphics: Not in nographics mode.

 run mode = 3
cadds5_link_app_path_name():  NuTCRACKER is not installed (INFO MESSAGE)
pro_locate_colormap ()
located color definition E:\Program Files\PTC\Creo Elements\Pro5.0\graphic-library\appearances\appearance.dmt
pro_locate_colormap ()
located color definition E:\Program Files\PTC\Creo Elements\Pro5.0\graphic-library\appearances\global.dmt
PFSTMakeTypeString:  no zip found (INFO MESSAGE)
pglSetStatus: Pgl Session Terminate
